2013-02-25 20:22:05,880 INFO Increased RLIMIT_NOFILE limit to 1024
2013-02-25 20:22:05,919 INFO RPC interface 'supervisor' initialized
2013-02-25 20:22:05,919 CRIT Server 'unix_http_server' running without any HTTP authentication checking
2013-02-25 20:22:05,920 INFO daemonizing the supervisord process
2013-02-25 20:22:05,921 INFO supervisord started with pid 8236
2013-02-25 20:22:06,925 INFO spawned: 'metropsdb' with pid 8241
2013-02-25 20:22:07,111 INFO exited: metropsdb (exit status 2; not expected)
2013-02-25 20:22:08,113 INFO spawned: 'metropsdb' with pid 8244
2013-02-25 20:22:08,299 INFO exited: metropsdb (exit status 2; not expected)
2013-02-25 20:22:10,303 INFO spawned: 'metropsdb' with pid 8246
2013-02-25 20:22:10,486 INFO exited: metropsdb (exit status 2; not expected)
2013-02-25 20:22:13,491 INFO spawned: 'metropsdb' with pid 8252
2013-02-25 20:22:13,685 INFO exited: metropsdb (exit status 2; not expected)
2013-02-25 20:22:14,687 INFO gave up: metropsdb entered FATAL state, too many start retries too quickly
2013-02-25 20:24:41,032 INFO spawned: 'metropsdb' with pid 8301
2013-02-25 20:24:41,245 INFO exited: metropsdb (exit status 2; not expected)
2013-02-25 20:24:42,248 INFO spawned: 'metropsdb' with pid 8303
2013-02-25 20:24:42,451 INFO exited: metropsdb (exit status 2; not expected)
2013-02-25 20:24:44,455 INFO spawned: 'metropsdb' with pid 8305
2013-02-25 20:24:44,645 INFO exited: metropsdb (exit status 2; not expected)
2013-02-25 20:24:47,650 INFO spawned: 'metropsdb' with pid 8311
2013-02-25 20:24:47,833 INFO exited: metropsdb (exit status 2; not expected)
2013-02-25 20:24:48,834 INFO gave up: metropsdb entered FATAL state, too many start retries too quickly
2013-02-25 20:31:14,179 INFO Increased RLIMIT_NOFILE limit to 1024
2013-02-25 20:31:14,510 INFO RPC interface 'supervisor' initialized
2013-02-25 20:31:14,510 CRIT Server 'unix_http_server' running without any HTTP authentication checking
2013-02-25 20:31:14,511 INFO daemonizing the supervisord process
2013-02-25 20:31:14,513 INFO supervisord started with pid 8417
2013-02-25 20:31:15,516 INFO spawned: 'metropsdb' with pid 8422
2013-02-25 20:31:15,700 INFO exited: metropsdb (exit status 2; not expected)
2013-02-25 20:31:16,703 INFO spawned: 'metropsdb' with pid 8424
2013-02-25 20:31:16,888 INFO exited: metropsdb (exit status 2; not expected)
2013-02-25 20:31:19,432 INFO spawned: 'metropsdb' with pid 8427
2013-02-25 20:31:19,622 INFO exited: metropsdb (exit status 2; not expected)
2013-02-25 20:31:22,627 INFO spawned: 'metropsdb' with pid 8429
2013-02-25 20:31:22,834 INFO exited: metropsdb (exit status 2; not expected)
2013-02-25 20:31:23,836 INFO gave up: metropsdb entered FATAL state, too many start retries too quickly
2013-02-25 20:33:03,183 INFO Increased RLIMIT_NOFILE limit to 1024
2013-02-25 20:33:03,516 INFO RPC interface 'supervisor' initialized
2013-02-25 20:33:03,516 CRIT Server 'unix_http_server' running without any HTTP authentication checking
2013-02-25 20:33:03,517 INFO daemonizing the supervisord process
2013-02-25 20:33:03,518 INFO set current directory: '/Users/magnus/Projects/Envs/metricops/src/opt/metrops'
2013-02-25 20:33:03,518 INFO supervisord started with pid 8554
2013-02-25 20:33:04,522 INFO spawned: 'metropsdb' with pid 8558
2013-02-25 20:33:04,708 INFO exited: metropsdb (exit status 2; not expected)
2013-02-25 20:33:05,711 INFO spawned: 'metropsdb' with pid 8560
2013-02-25 20:33:05,890 INFO exited: metropsdb (exit status 2; not expected)
2013-02-25 20:33:08,300 INFO spawned: 'metropsdb' with pid 8563
2013-02-25 20:33:08,487 INFO exited: metropsdb (exit status 2; not expected)
2013-02-25 20:33:11,492 INFO spawned: 'metropsdb' with pid 8565
2013-02-25 20:33:11,676 INFO exited: metropsdb (exit status 2; not expected)
2013-02-25 20:33:12,677 INFO gave up: metropsdb entered FATAL state, too many start retries too quickly
2013-02-25 20:35:26,370 INFO Increased RLIMIT_NOFILE limit to 1024
2013-02-25 20:35:26,700 INFO RPC interface 'supervisor' initialized
2013-02-25 20:35:26,700 CRIT Server 'unix_http_server' running without any HTTP authentication checking
2013-02-25 20:35:26,702 INFO daemonizing the supervisord process
2013-02-25 20:35:26,702 INFO set current directory: '/Users/magnus/Projects/Envs/metricops/src/opt/metrops'
2013-02-25 20:35:26,703 INFO supervisord started with pid 8664
2013-02-25 20:35:27,706 INFO spawned: 'metropsdb' with pid 8669
2013-02-25 20:35:28,708 INFO success: metropsdb entered RUNNING state, process has stayed up for > than 1 seconds (startsecs)
2013-02-25 20:37:43,470 INFO waiting for metropsdb to die
2013-02-25 20:37:43,472 INFO stopped: metropsdb (terminated by SIGTERM)
2013-02-25 21:26:44,101 INFO Increased RLIMIT_NOFILE limit to 1024
2013-02-25 21:26:44,437 INFO RPC interface 'supervisor' initialized
2013-02-25 21:26:44,437 CRIT Server 'unix_http_server' running without any HTTP authentication checking
2013-02-25 21:26:44,439 INFO daemonizing the supervisord process
2013-02-25 21:26:44,440 INFO set current directory: '/Users/magnus/Projects/Envs/metricops/src/opt/metrops'
2013-02-25 21:26:44,440 INFO supervisord started with pid 9588
2013-02-25 21:26:45,442 INFO spawnerr: command at 'bin/metrops' is not executable
2013-02-25 21:26:46,444 INFO spawnerr: command at 'bin/metrops' is not executable
2013-02-25 21:26:48,832 INFO spawnerr: command at 'bin/metrops' is not executable
2013-02-25 21:26:51,836 INFO spawnerr: command at 'bin/metrops' is not executable
2013-02-25 21:26:51,836 INFO gave up: metropsdb entered FATAL state, too many start retries too quickly
2013-02-25 21:27:35,331 INFO Increased RLIMIT_NOFILE limit to 1024
2013-02-25 21:27:35,663 INFO RPC interface 'supervisor' initialized
2013-02-25 21:27:35,663 CRIT Server 'unix_http_server' running without any HTTP authentication checking
2013-02-25 21:27:35,665 INFO daemonizing the supervisord process
2013-02-25 21:27:35,666 INFO set current directory: '/Users/magnus/Projects/Envs/metricops/src/opt/metrops'
2013-02-25 21:27:35,666 INFO supervisord started with pid 9619
2013-02-25 21:27:36,668 INFO spawnerr: command at 'bin/metrops' is not executable
2013-02-25 21:27:38,241 INFO spawnerr: command at 'bin/metrops' is not executable
2013-02-25 21:27:40,243 INFO spawnerr: command at 'bin/metrops' is not executable
2013-02-25 21:27:43,247 INFO spawnerr: command at 'bin/metrops' is not executable
2013-02-25 21:27:43,247 INFO gave up: metropsdb entered FATAL state, too many start retries too quickly
2013-02-25 21:27:54,765 INFO Increased RLIMIT_NOFILE limit to 1024
2013-02-25 21:28:26,479 INFO Increased RLIMIT_NOFILE limit to 1024
2013-02-25 21:28:26,812 INFO RPC interface 'supervisor' initialized
2013-02-25 21:28:26,812 CRIT Server 'unix_http_server' running without any HTTP authentication checking
2013-02-25 21:28:26,813 INFO daemonizing the supervisord process
2013-02-25 21:28:26,814 INFO set current directory: '/Users/magnus/Projects/Envs/metricops/src/opt/metrops'
2013-02-25 21:28:26,814 INFO supervisord started with pid 9649
2013-02-25 21:28:27,818 INFO spawned: 'metropsdb' with pid 9653
2013-02-25 21:28:27,819 INFO spawnerr: command at 'bin/metrops' is not executable
2013-02-25 21:28:28,004 INFO exited: metropsdb (exit status 2; not expected)
2013-02-25 21:28:28,846 INFO spawnerr: command at 'bin/metrops' is not executable
2013-02-25 21:28:29,855 INFO spawned: 'metropsdb' with pid 9656
2013-02-25 21:28:30,039 INFO exited: metropsdb (exit status 2; not expected)
2013-02-25 21:28:31,041 INFO spawnerr: command at 'bin/metrops' is not executable
2013-02-25 21:28:32,043 INFO spawned: 'metropsdb' with pid 9658
2013-02-25 21:28:32,225 INFO exited: metropsdb (exit status 2; not expected)
2013-02-25 21:28:34,228 INFO spawnerr: command at 'bin/metrops' is not executable
2013-02-25 21:28:34,228 INFO gave up: metrops entered FATAL state, too many start retries too quickly
2013-02-25 21:28:35,230 INFO spawned: 'metropsdb' with pid 9660
2013-02-25 21:28:35,415 INFO exited: metropsdb (exit status 2; not expected)
2013-02-25 21:28:36,416 INFO gave up: metropsdb entered FATAL state, too many start retries too quickly
2013-02-25 21:29:38,844 INFO Increased RLIMIT_NOFILE limit to 1024
2013-02-25 21:29:39,173 INFO RPC interface 'supervisor' initialized
2013-02-25 21:29:39,174 CRIT Server 'unix_http_server' running without any HTTP authentication checking
2013-02-25 21:29:39,175 INFO daemonizing the supervisord process
2013-02-25 21:29:39,176 INFO set current directory: '/Users/magnus/Projects/Envs/metricops/src/opt/metrops'
2013-02-25 21:29:39,176 INFO supervisord started with pid 9688
2013-02-25 21:29:40,179 INFO spawned: 'metropsdb' with pid 9692
2013-02-25 21:29:40,181 INFO spawned: 'metrops' with pid 9693
2013-02-25 21:29:40,415 INFO exited: metropsdb (exit status 2; not expected)
2013-02-25 21:29:41,285 INFO success: metrops entered RUNNING state, process has stayed up for > than 1 seconds (startsecs)
2013-02-25 21:29:42,293 INFO spawned: 'metropsdb' with pid 9696
2013-02-25 21:29:42,479 INFO exited: metropsdb (exit status 2; not expected)
2013-02-25 21:29:44,482 INFO spawned: 'metropsdb' with pid 9698
2013-02-25 21:29:44,671 INFO exited: metropsdb (exit status 2; not expected)
2013-02-25 21:29:47,676 INFO spawned: 'metropsdb' with pid 9711
2013-02-25 21:29:47,860 INFO exited: metropsdb (exit status 2; not expected)
2013-02-25 21:29:48,861 INFO gave up: metropsdb entered FATAL state, too many start retries too quickly
2013-02-25 21:30:45,692 INFO waiting for metrops to die
2013-02-25 21:30:45,696 INFO stopped: metrops (terminated by SIGTERM)
2013-02-25 21:30:58,533 INFO Increased RLIMIT_NOFILE limit to 1024
2013-02-25 21:30:58,861 INFO RPC interface 'supervisor' initialized
2013-02-25 21:30:58,862 CRIT Server 'unix_http_server' running without any HTTP authentication checking
2013-02-25 21:30:58,863 INFO daemonizing the supervisord process
2013-02-25 21:30:58,864 INFO set current directory: '/Users/magnus/Projects/Envs/metricops/src/opt/metrops'
2013-02-25 21:30:58,864 INFO supervisord started with pid 9780
2013-02-25 21:30:59,867 INFO spawned: 'metropsdb' with pid 9784
2013-02-25 21:30:59,869 INFO spawned: 'metrops' with pid 9785
2013-02-25 21:31:00,081 INFO exited: metropsdb (exit status 2; not expected)
2013-02-25 21:31:01,710 INFO spawned: 'metropsdb' with pid 9788
2013-02-25 21:31:01,711 INFO success: metrops entered RUNNING state, process has stayed up for > than 1 seconds (startsecs)
2013-02-25 21:31:01,896 INFO exited: metropsdb (exit status 2; not expected)
2013-02-25 21:31:03,900 INFO spawned: 'metropsdb' with pid 9790
2013-02-25 21:31:04,083 INFO exited: metropsdb (exit status 2; not expected)
2013-02-25 21:31:07,087 INFO spawned: 'metropsdb' with pid 9792
2013-02-25 21:31:07,270 INFO exited: metropsdb (exit status 2; not expected)
2013-02-25 21:31:08,271 INFO gave up: metropsdb entered FATAL state, too many start retries too quickly
2013-02-25 21:32:39,438 INFO stopped: metrops (terminated by SIGTERM)
2013-02-25 21:33:14,835 INFO Increased RLIMIT_NOFILE limit to 1024
2013-02-25 21:33:15,164 INFO RPC interface 'supervisor' initialized
2013-02-25 21:33:15,164 CRIT Server 'unix_http_server' running without any HTTP authentication checking
2013-02-25 21:33:15,166 INFO daemonizing the supervisord process
2013-02-25 21:33:15,167 INFO set current directory: '/Users/magnus/Projects/Envs/metricops/src/opt/metrops'
2013-02-25 21:33:15,167 INFO supervisord started with pid 9853
2013-02-25 21:33:16,170 INFO spawned: 'metropsdb' with pid 9857
2013-02-25 21:33:16,173 INFO spawned: 'metrops' with pid 9858
2013-02-25 21:33:16,417 INFO exited: metropsdb (exit status 2; not expected)
2013-02-25 21:33:17,433 INFO spawned: 'metropsdb' with pid 9860
2013-02-25 21:33:17,434 INFO success: metrops entered RUNNING state, process has stayed up for > than 1 seconds (startsecs)
2013-02-25 21:33:17,640 INFO exited: metropsdb (exit status 2; not expected)
2013-02-25 21:33:19,644 INFO spawned: 'metropsdb' with pid 9862
2013-02-25 21:33:19,846 INFO exited: metropsdb (exit status 2; not expected)
2013-02-25 21:33:22,851 INFO spawned: 'metropsdb' with pid 9864
2013-02-25 21:33:23,048 INFO exited: metropsdb (exit status 2; not expected)
2013-02-25 21:33:24,049 INFO gave up: metropsdb entered FATAL state, too many start retries too quickly
2013-02-25 21:34:44,023 INFO waiting for metrops to die
2013-02-25 21:34:44,027 INFO stopped: metrops (terminated by SIGTERM)
